"Detailed output file"
"This is a multi-problem / sweep file. Below is information on selected sweep results"
"This file contains 6 problems"
"Sweep - no increment","Selected sweep results:",1,"Ra+2"
"SURFACE COMPLEXATION / ION EXCHANGE INCLUDED IN THIS PROBLEM"
"Number of adsorbing surfaces: ",1
"Adsorption model, surface no.: 1","Diffuse layer"
"Charge balance - Unspeciated:"
"Sum of cations= ",0.0100000000193744,"Sum of anions= ",0.0100000000000002
"Percent difference= ",9.68711E-08
"The fixed -log activity of component Ra+2 is ",6.45814E-12
"RESULTS:"
"Parameters of the component most out of balance:"
"Iter.","Name","Total mol","Diff fxn","Log activity","Residual"
0,"=SOH(1)",0.00067415873,0.00774181709959054,-3.17123794555664,0.00774104306201586
1,"=SOH(1)",0.00067415873,0.00385155808565671,-3.17493538127649,0.0038511726428787
2,"=SOH(1)",0.00067415873,0.0021259869409436,-3.11773739952016,0.00212578388329634
3,"=SOH(1)",0.00067415873,0.00104497172408108,-3.1368166018936,0.0010448741270614
4,"=SOH(1)",0.00067415873,0.000496314174281163,-3.1659251431532,0.000496245928651379
5,"=SOH(1)",0.00067415873,0.00021879254829463,-3.20259623769952,0.000218725132423333
6,"=SOH(1)",0.00067415873,7.62873184940904E-05,-3.24660690112192,7.62199026227935E-05
7,"=SOH(1)",0.00067415873,1.45975036998065E-05,-3.28071248045299,1.45300878285095E-05
8,"=SOH(1)",0.00067415873,8.45894210847048E-07,-3.29109304035005,7.78478339550116E-07
"ID","Name","Anal mol","Calc mol","Log Activity","Gamma","New logK"
1601,"PSIo(1)",3.31875581421862E-05,0.0900341393290097,-1.04559278266208,1,0
500,"Na+1",0.01,0.00995942184531304,-2.04665149805579,0.9018086,0
610,"Ra+2",6.45814E-12,6.42326453606914E-12,-11.3717866954891,0.6613898,0
180,"Cl-1",0.01,0.00995966253596667,-2.04664100253093,0.9018086,0
1611,"=SOH(1)",0.00067415873,0.00051072421057896,-3.29181355418357,1,0
2,"H2O",0,-7.14240751669012E-05,-0.000147686041660726,1,0
140,"CO3-2",1E-16,3.38983386815769E-08,-7.64936408942485,0.6613898,0
330,"H+1",6.45814E-12,1.21586575301361E-07,-6.96,0.9018086,0
"-----------------------------------------------"
""
"Type I - Components of species in solution"
"ID","Name","Calc mol","Activity","Log activity","Gamma","New logk"
330,"H+1",1.21586575301361E-07,1.09647819614319E-07,-6.96,0.9018086,0.0448856259696422
500,"Na+1",0.00995942184531304,0.00898149230086557,-2.04665149805579,0.9018086,0.044885625969642
610,"Ra+2",6.42326453606914E-12,4.24828167827909E-12,-11.3717866954891,0.6613898,0.179542503878568
180,"Cl-1",0.00995966253596667,0.00898170935776767,-2.04664100253093,0.9018086,0.044885625969642
1611,"=SOH(1)",0.00051072421057896,0.00051072421057896,-3.29181355418357,1,0
140,"CO3-2",3.38983386815769E-08,2.24200156067639E-08,-7.64936408942485,0.6613898,0.179542503878568
""
"Type II - Other species in solution or adsorbed"
"ID","Name","Calc mol","Activity","Log activity","Gamma","New logk"
16113302,"=SO-(1)",6.51297226066146E-05,6.51297226066146E-05,-4.1862207715215,1,-8.9
5001400,"NaCO3-",4.157861087457E-09,3.74959489868761E-09,-8.42601565034376,0.9018086,1.31488556310653
5001401,"NaHCO3 (aq)",2.35497203539871E-07,2.36039471650483E-07,-6.62701536615444,1.002303,10.0280013418568
6101801,"RaCl2 (aq)",2.71601659736909E-16,2.72227063846389E-16,-15.5650687009737,1.002303,-0.100998879892258
6101800,"RaCl+",3.36091811727104E-14,3.03090487208504E-14,-13.5184276941757,0.9018086,-0.0551143701861012
6100021,"Ra(OH)2 (aq)",2.99860733887242E-26,3.00551208810798E-26,-25.5220815209684,1.002303,-28.0709983328654
6100020,"Ra(OH)+",1.38979774705754E-18,1.25333156470643E-18,-17.9019340226421,0.9018086,-13.4451140151417
3306100,"RaHCO3+",9.63240905642259E-16,8.68658935455788E-16,-15.06115070862,0.9018086,10.9648857022636
1406100,"RaCO3 (aq)",3.00504060913077E-17,3.01196017194906E-17,-16.5211507752393,1.002303,2.49900113020515
3300020,"OH-",1.01797782903076E-07,9.18021163868499E-08,-7.03714730654891,0.9018086,-13.9521139945376
5003300,"NaOH (aq)",1.0356231556575E-09,1.03800783540521E-09,-8.98379936820201,1.002303,-13.897999063574
5001800,"NaCl (aq)",4.0337463999185E-05,4.04303471420035E-05,-4.39329252972224,1.002303,-0.300998908604972
3301400,"HCO3-",5.81462899462742E-05,5.24368245052425E-05,-4.28036361640239,0.9018086,10.3738860989921
3301401,"H2CO3* (aq)",1.29013984103647E-05,1.29311058414301E-05,-4.88836433356548,1.002303,16.6800008763899
16116100,"((=SOH2)2(=SOH)2Ra)4+(1)",1.18114024857793E-11,1.18114024857793E-11,-10.9276985312034,1,31.7137135116682
16113301,"=SOH2+(1)",9.83090870774029E-05,9.83090870774029E-05,-4.00740633684565,1,7.29
""
"Type III - Species with fixed activity"
"ID","Name","Calc mol","Log mol","New logK","dH"
2,"H2O",-7.14240751669012E-05,-4.14615537436156,0.000147686041660726,0
3301403,"CO2 (g)",-7.1321241760841E-05,-4.14678110401062,21.5692164033832,-10
330,"H+1",2.52597647454809E-05,-4.59757069852397,6.96,0
"Partial pressures of gases:",1
"CO2 (g)",0.00038
""
"Type VI - Excluded species (not present in mole balance)"
"ID","Name","Calc mol","Log mol","New logK","dH"
1601,"PSIo(1)",0.0900341393290097,-1.04559278266208,0,0
"-------------------------------------------"
"--------------------------------------------------"
"Part 4 of output file"
"Percentage distribution of components among type I and type II species"
"PSIo(1)"
296.295449472407," % bound in species ",16113301,"=SOH2+"
""
"Na+1"
99.5942184531303," % bound in species ",500,"Na+1"
0.40337463999185," % bound in species ",5001800,"NaCl (aq)"
""
"Ra+2"
35.158321786465," % bound in species ",610,"Ra+2"
0.183962905468764," % bound in species ",6101800,"RaCl+"
64.6507841943274," % bound in species ",16116100,"((=SOH2)2(=SOH)2Ra)4+"
""
"Cl-1"
99.5966253596666," % bound in species ",180,"Cl-1"
0.40337463999185," % bound in species ",5001800,"NaCl (aq)"
""
"=SOH(1)"
75.7567768383358," % bound in species ",1611,"=SOH(1)"
9.66082625191938," % bound in species ",16113302,"=SO-"
14.5823899017059," % bound in species ",16113301,"=SOH2+"
""
"H2O"
98.9929117426668," % bound in species ",3300020,"OH-"
1.00708825598172," % bound in species ",5003300,"NaOH (aq)"
""
"CO3-2"
0.047529092097414," % bound in species ",140,"CO3-2"
0.330192236878355," % bound in species ",5001401,"NaHCO3 (aq)"
81.5273101121437," % bound in species ",3301400,"HCO3-"
18.0891387920704," % bound in species ",3301401,"H2CO3* (aq)"
""
"H+1"
0.103581319192094," % bound in species ",330,"H+1"
0.200623390767021," % bound in species ",5001401,"NaHCO3 (aq)"
49.5356449002115," % bound in species ",3301400,"HCO3-"
21.9817667115984," % bound in species ",3301401,"H2CO3* (aq)"
83.7508985083964," % bound in species ",16113301,"=SOH2+"
""
"-------------------------------------------"
"Part 5 of output file"
"Equilibrated mass distribution"
"idx","Name","Dissolved","","Sorbed","","Precipitated"
"","","Mol/kg","Percent","Mol/kg","Percent","Mol/kg","Percent"
500,"Na+1",0.01,100,0,0,0,0
610,"Ra+2",6.4581400000111E-12,35.34922,1.18114024857793E-11,64.65079,0,0
180,"Cl-1",0.01,100,0,0,0,0
1611,"=SOH(1)",0,0,0.000674163067508587,100,0,0
2,"H2O",1.02833406060123E-07,100,0,0,0,0
140,"CO3-2",7.13212417609411E-05,100,0,0,0,0
330,"H+1",8.42033371407479E-05,71.73401,3.31793880935933E-05,28.26599,0,0
"--------------------------------------------"
"Part 5b of output file"
"Mass of components bound to DOM, SOM, Clay and Oxide (Equilibrated)"
"idx","Name","Bound to DOM","Bound to SOM","Bound to Clay","Bound to Oxide"
"","","Mol/kg","Mol/kg","Mol/kg","Mol/kg"
500,"Na+1",0,0,0,0
610,"Ra+2",0,0,0,1.18114024857793E-11
180,"Cl-1",0,0,0,0
140,"CO3-2",0,0,0,0
330,"H+1",0,0,0,3.31793880935933E-05
"--------------------------------------------"
"Charge balance: SPECIATED"
"Sum of cations= ",0.00995954344476944,"Sum of anions= ",0.0100179825782343
"Percent difference= ",0.292524376629815
"Equilibrium ionic strength(m)= ",0.00998879469447237
"Equilibrium pH= ",6.96
"----------------------------------"
"---------------------------------------"
"Parameters for surface number ",1
"Diffuse-layer adsorption model"
"Electrostatic variables: psi0= ",0.0618541544044316,"sig0= ",0.0177898217914729,"psib= ",0,"sigb= ",0,"psid= ",0,"sigd= ",0,"sigddl= ",-0.0177898217914729
"Adsorbent concentration (g / l): ",0.3
"Specific surface area (m2 / g): ",600
""
"-------------------------------------"
"Part 6 of output file"
"Saturation indices and stoichiometry of all minerals"
"ID","Name","log IAP","Sat. Index","No. of components in mineral","Stoichiometry on line below"
3050000,"Natron",-11.744143945953,-10.433144087709,3
2,500,1,140,10,2,0,0,0,0,0,0,0,0,0,0
4150000,"Halite",-4.09329250058672,-5.64329250854847,2
1,500,1,180,0,0,0,0,0,0,0,0,0,0,0,0
5050001,"Thermonatrite",-11.7428147715781,-12.3798147490272,3
2,500,1,140,1,2,0,0,0,0,0,0,0,0,0,0
""
"END OF THIS PROBLEM"
"----------------------------"
"This is the beginning of Sweep no. 2 in the series of 6"
"The total concentration of the component Ra+2 is ",2.5618E-11
"The log activity guesses for all components are as computed at"
"the point of FIRST convergence in the previous problem"
"RESULTS:"
"Parameters of the component most out of balance:"
"Iter.","Name","Total mol","Diff fxn","Log activity","Residual"
0,"Cl-1",0.01,-0.000977860295059474,-2.04664100253093,0.000976860295084736
1,"Cl-1",0.01,0.00108324868418982,-2.00214004633465,0.00108214531054994
2,"Cl-1",0.01,1.01615112071268E-06,-2.04659795164028,1.61511459748075E-08
"ID","Name","Anal mol","Calc mol","Log Activity","Gamma","New logK"
1601,"PSIo(1)",3.31865741561953E-05,0.0900385971678189,-1.04557128007558,1,0
500,"Na+1",0.01,0.00995940120123792,-2.04665239846625,0.9018086,0
610,"Ra+2",2.5618E-11,2.54794449468456E-11,-10.7733525417187,0.6613898,0
180,"Cl-1",0.01,0.00995964189077159,-2.04664190296846,0.9018086,0
1611,"=SOH(1)",0.00067415873,0.000510719574367702,-3.29181749660507,1,0
2,"H2O",0,-7.14240746968612E-05,-0.000147686041660726,1,0
140,"CO3-2",1E-16,3.38983387427183E-08,-7.64936408942485,0.6613898,0
330,"H+1",6.45814E-12,1.21586575356187E-07,-6.96,0.9018086,0
"-----------------------------------------------"
""
"Type I - Components of species in solution"
"ID","Name","Calc mol","Activity","Log activity","Gamma","New logk"
330,"H+1",1.21586575356187E-07,1.09647819614319E-07,-6.96,0.9018086,0.0448856261654731
500,"Na+1",0.00995940120123792,0.00898147367981113,-2.04665239846625,0.9018086,0.0448856261654727
610,"Ra+2",2.54794449468456E-11,1.68518450917501E-11,-10.7733525417187,0.6613898,0.179542504661891
180,"Cl-1",0.00995964189077159,0.00898169073570315,-2.04664190296846,0.9018086,0.0448856261654727
1611,"=SOH(1)",0.000510719574367702,0.000510719574367702,-3.29181749660507,1,0
140,"CO3-2",3.38983387427183E-08,2.24200156067639E-08,-7.64936408942485,0.6613898,0.179542504661891
""
"Type II - Other species in solution or adsorbed"
"ID","Name","Calc mol","Activity","Log activity","Gamma","New logk"
16113302,"=SO-(1)",6.51259068137954E-05,6.51259068137954E-05,-4.18624621652949,1,-8.9
5001400,"NaCO3-",4.15785246896509E-09,3.7495871247667E-09,-8.42601655075421,0.9018086,1.31488556330236
5001401,"NaHCO3 (aq)",2.35496715285271E-07,2.36038982277036E-07,-6.6270162665649,1.002303,10.0280013418468
6101801,"RaCl2 (aq)",1.07736973765874E-15,1.07985054528253E-15,-14.9666363480784,1.002303,-0.100998879902255
6101800,"RaCl+",1.33318735348309E-13,1.20227982422046E-13,-12.9199944408429,0.9018086,-0.0551143699902705
6100021,"Ra(OH)2 (aq)",1.18947071289703E-25,1.1922096500601E-25,-24.923647367198,1.002303,-28.0709983328754
6100020,"Ra(OH)+",5.5129716262894E-18,4.97164523836123E-18,-17.3034998688717,0.9018086,-13.4451140149459
3306100,"RaHCO3+",3.82092991108239E-15,3.44574746366519E-15,-14.4627165548496,0.9018086,10.9648857024594
1406100,"RaCO3 (aq)",1.19202262640076E-16,1.19476743973266E-16,-15.9227166214689,1.002303,2.49900113019516
3300020,"OH-",1.01797782948978E-07,9.18021163868499E-08,-7.03714730654891,0.9018086,-13.9521139943418
5003300,"NaOH (aq)",1.03562100850771E-09,1.03800568333518E-09,-8.98380026861246,1.002303,-13.897999063584
5001800,"NaCl (aq)",4.03372967350435E-05,4.04301794936414E-05,-4.39329433057024,1.002303,-0.300998908614968
3301400,"HCO3-",5.81462899724933E-05,5.24368245052425E-05,-4.28036361640239,0.9018086,10.3738860991879
3301401,"H2CO3* (aq)",1.29013984100678E-05,1.29311058414301E-05,-4.88836433356548,1.002303,16.6800008763799
16116100,"((=SOH2)2(=SOH)2Ra)4+(1)",4.68603861689382E-11,4.68603861689382E-11,-10.329194136773,1,31.7137135116682
16113301,"=SOH2+(1)",9.83130621651927E-05,9.83130621651927E-05,-4.00738877668064,1,7.29
""
"Type III - Species with fixed activity"
"ID","Name","Calc mol","Log mol","New logK","dH"
2,"H2O",-7.14240746968612E-05,-4.14615537721964,0.000147686041660726,0
3301403,"CO2 (g)",-7.13212412928982E-05,-4.14678110686005,21.5692164033832,-10
330,"H+1",2.52519032886385E-05,-4.59770588263041,6.96,0
"Partial pressures of gases:",1
"CO2 (g)",0.00038
""
"Type VI - Excluded species (not present in mole balance)"
"ID","Name","Calc mol","Log mol","New logK","dH"
1601,"PSIo(1)",0.0900385971678189,-1.04557128007558,0,0
"-------------------------------------------"
"--------------------------------------------------"
"Part 4 of output file"
"Percentage distribution of components among type I and type II species"
"PSIo(1)"
296.236618817525," % bound in species ",16113301,"=SOH2+"
""
"Na+1"
99.5942192862577," % bound in species ",500,"Na+1"
0.403373806845478," % bound in species ",5001800,"NaCl (aq)"
""
"Ra+2"
35.1546457910127," % bound in species ",610,"Ra+2"
0.183943289512505," % bound in species ",6101800,"RaCl+"
64.654480536596," % bound in species ",16116100,"((=SOH2)2(=SOH)2Ra)4+"
""
"Cl-1"
99.5966261917788," % bound in species ",180,"Cl-1"
0.403373806866438," % bound in species ",5001800,"NaCl (aq)"
""
"=SOH(1)"
75.7565764624248," % bound in species ",1611,"=SOH(1)"
9.66032238989909," % bound in species ",16113302,"=SO-"
14.5830733439058," % bound in species ",16113301,"=SOH2+"
""
"H2O"
98.9929138061079," % bound in species ",3300020,"OH-"
1.00708618853106," % bound in species ",5003300,"NaOH (aq)"
""
"CO3-2"
0.0475290924949818," % bound in species ",140,"CO3-2"
0.330191554459653," % bound in species ",5001401,"NaHCO3 (aq)"
81.5273106838113," % bound in species ",3301400,"HCO3-"
18.089138910338," % bound in species ",3301401,"H2CO3* (aq)"
""
"H+1"
0.103574383391898," % bound in species ",330,"H+1"
0.200609541020748," % bound in species ",5001401,"NaHCO3 (aq)"
49.5323279957901," % bound in species ",3301400,"HCO3-"
21.9802948031299," % bound in species ",3301401,"H2CO3* (aq)"
83.7486767210852," % bound in species ",16113301,"=SOH2+"
""
"-------------------------------------------"
"Part 5 of output file"
"Equilibrated mass distribution"
"idx","Name","Dissolved","","Sorbed","","Precipitated"
"","","Mol/kg","Percent","Mol/kg","Percent","Mol/kg","Percent"
500,"Na+1",0.00999997918816172,100,0,0,0,0
610,"Ra+2",2.5617786697077E-11,35.34552,4.68603861689382E-11,64.65448,0,0
180,"Cl-1",0.00999997918764211,100,0,0,0,0
1611,"=SOH(1)",0,0,0.000674158730788235,100,0,0
2,"H2O",1.02833403962999E-07,100,0,0,0,0
140,"CO3-2",7.13212412929982E-05,100,0,0,0,0
330,"H+1",8.42033366831282E-05,71.72921,3.31872490721696E-05,28.27079,0,0
"--------------------------------------------"
"Part 5b of output file"
"Mass of components bound to DOM, SOM, Clay and Oxide (Equilibrated)"
"idx","Name","Bound to DOM","Bound to SOM","Bound to Clay","Bound to Oxide"
"","","Mol/kg","Mol/kg","Mol/kg","Mol/kg"
500,"Na+1",0,0,0,0
610,"Ra+2",0,0,0,4.68603861689382E-11
180,"Cl-1",0,0,0,0
140,"CO3-2",0,0,0,0
330,"H+1",0,0,0,3.31872490721696E-05
"--------------------------------------------"
"Charge balance: SPECIATED"
"Sum of cations= ",0.00995952283890931,"Sum of anions= ",0.010017961933057
"Percent difference= ",0.292524783849083
"Equilibrium ionic strength(m)= ",0.00998879479443394
"Equilibrium pH= ",6.96
"----------------------------------"
"---------------------------------------"
"Parameters for surface number ",1
"Diffuse-layer adsorption model"
"Electrostatic variables: psi0= ",0.0618528823754662,"sig0= ",0.0177892943367156,"psib= ",0,"sigb= ",0,"psid= ",0,"sigd= ",0,"sigddl= ",-0.0177892943367156
"Adsorbent concentration (g / l): ",0.3
"Specific surface area (m2 / g): ",600
""
"-------------------------------------"
"Part 6 of output file"
"Saturation indices and stoichiometry of all minerals"
"ID","Name","log IAP","Sat. Index","No. of components in mineral","Stoichiometry on line below"
3050000,"Natron",-11.744145746774,-10.4331458885299,3
2,500,1,140,10,2,0,0,0,0,0,0,0,0,0,0
4150000,"Halite",-4.09329430143471,-5.64329430939646,2
1,500,1,180,0,0,0,0,0,0,0,0,0,0,0,0
5050001,"Thermonatrite",-11.742816572399,-12.3798165498481,3
2,500,1,140,1,2,0,0,0,0,0,0,0,0,0,0
""
"END OF THIS PROBLEM"
"----------------------------"
"This is the beginning of Sweep no. 3 in the series of 6"
"The total concentration of the component Ra+2 is ",2.78795E-12
"The log activity guesses for all components are as computed at"
"the point of FIRST convergence in the previous problem"
"RESULTS:"
"Parameters of the component most out of balance:"
"Iter.","Name","Total mol","Diff fxn","Log activity","Residual"
0,"Cl-1",0.01,-0.000977879084680824,-2.04664190296846,0.000976879084706086
1,"Cl-1",0.01,0.00108324870196043,-2.00214004554548,0.00108214532831877
2,"Cl-1",0.01,1.01615112067105E-06,-2.04659795154657,1.61511459331742E-08
"ID","Name","Anal mol","Calc mol","Log Activity","Gamma","New logK"
1601,"PSIo(1)",3.31865567132538E-05,0.090038675838373,-1.04557090061417,1,0
500,"Na+1",0.01,0.00995940120122289,-2.0466523983778,0.9018086,0
610,"Ra+2",2.78795E-12,2.77287136150961E-12,-11.7366127819625,0.6613898,0
180,"Cl-1",0.01,0.00995964189087733,-2.04664190287475,0.9018086,0
1611,"=SOH(1)",0.00067415873,0.000510719678946314,-3.29181740767582,1,0
2,"H2O",0,-7.14240746815526E-05,-0.000147686041660726,1,0
140,"CO3-2",1E-16,3.38983387149001E-08,-7.64936408942485,0.6613898,0
330,"H+1",6.45814E-12,1.21586575331242E-07,-6.96,0.9018086,0
"-----------------------------------------------"
""
"Type I - Components of species in solution"
"ID","Name","Calc mol","Activity","Log activity","Gamma","New logk"
330,"H+1",1.21586575331242E-07,1.09647819614319E-07,-6.96,0.9018086,0.0448856260763728
500,"Na+1",0.00995940120122289,0.0089814736816402,-2.0466523983778,0.9018086,0.0448856260763732
610,"Ra+2",2.77287136150961E-12,1.83394884697603E-12,-11.7366127819625,0.6613898,0.179542504305493
180,"Cl-1",0.00995964189087733,0.00898169073764118,-2.04664190287475,0.9018086,0.0448856260763732
1611,"=SOH(1)",0.000510719678946314,0.000510719678946314,-3.29181740767582,1,0
140,"CO3-2",3.38983387149001E-08,2.24200156067639E-08,-7.64936408942485,0.6613898,0.179542504305493
""
"Type II - Other species in solution or adsorbed"
"ID","Name","Calc mol","Activity","Log activity","Gamma","New logk"
16113302,"=SO-(1)",6.51258632462059E-05,6.51258632462059E-05,-4.18624650706165,1,-8.9
5001400,"NaCO3-",4.1578524689588E-09,3.74958712553028E-09,-8.42601655066577,0.9018086,1.31488556321326
5001401,"NaHCO3 (aq)",2.35496715335696E-07,2.36038982325105E-07,-6.62701626647646,1.002303,10.0280013418513
6101801,"RaCl2 (aq)",1.17247754074523E-16,1.17517734853348E-16,-15.9298965881349,1.002303,-0.100998879897707
6101800,"RaCl+",1.45087816582545E-14,1.30841441150374E-14,-13.883254680993,0.9018086,-0.05511437007937
6100021,"Ra(OH)2 (aq)",1.29447454007279E-26,1.29745526449908E-26,-25.8869076074418,1.002303,-28.0709983328709
6100020,"Ra(OH)+",5.99964449015758E-19,5.41053101474933E-19,-18.2667601091156,0.9018086,-13.445114015035
3306100,"RaHCO3+",4.15823309864073E-16,3.74993038065191E-16,-15.4259767950934,0.9018086,10.9648857023703
1406100,"RaCO3 (aq)",1.29725173082094E-17,1.30023885015114E-17,-16.8859768617128,1.002303,2.49900113019971
3300020,"OH-",1.01797782928094E-07,9.18021163868499E-08,-7.03714730654891,0.9018086,-13.9521139944309
5003300,"NaOH (aq)",1.03562100872946E-09,1.03800568354657E-09,-8.98380026852402,1.002303,-13.8979990635795
5001800,"NaCl (aq)",4.03372967523845E-05,4.04301795105989E-05,-4.39329433038808,1.002303,-0.30099890861042
3301400,"HCO3-",5.8146289960564E-05,5.24368245052425E-05,-4.28036361640239,0.9018086,10.3738860990988
3301401,"H2CO3* (aq)",1.29013984102028E-05,1.29311058414301E-05,-4.88836433356548,1.002303,16.6800008763845
16116100,"((=SOH2)2(=SOH)2Ra)4+(1)",5.09973367679978E-12,5.09973367679978E-12,-11.2924525034543,1,31.7137135116682
16113301,"=SOH2+(1)",9.83131681968059E-05,9.83131681968059E-05,-4.00738830828999,1,7.29
""
"Type III - Species with fixed activity"
"ID","Name","Calc mol","Log mol","New logK","dH"
2,"H2O",-7.14240746815526E-05,-4.14615537731272,0.000147686041660726,0
3301403,"CO2 (g)",-7.13212412776152E-05,-4.14678110695311,21.5692164033832,-10
330,"H+1",2.5251837195188E-05,-4.59770701933912,6.96,0
"Partial pressures of gases:",1
"CO2 (g)",0.00038
""
"Type VI - Excluded species (not present in mole balance)"
"ID","Name","Calc mol","Log mol","New logK","dH"
1601,"PSIo(1)",0.090038675838373,-1.04557090061417,0,0
"-------------------------------------------"
"--------------------------------------------------"
"Part 4 of output file"
"Percentage distribution of components among type I and type II species"
"PSIo(1)"
296.237094015123," % bound in species ",16113301,"=SOH2+"
""
"Na+1"
99.5942192860839," % bound in species ",500,"Na+1"
0.403373807018794," % bound in species ",5001800,"NaCl (aq)"
""
"Ra+2"
35.1545477183802," % bound in species ",610,"Ra+2"
0.183942776509829," % bound in species ",6101800,"RaCl+"
64.65457914156," % bound in species ",16116100,"((=SOH2)2(=SOH)2Ra)4+"
""
"Cl-1"
99.5966261928128," % bound in species ",180,"Cl-1"
0.403373807039754," % bound in species ",5001800,"NaCl (aq)"
""
"=SOH(1)"
75.7565919748832," % bound in species ",1611,"=SOH(1)"
9.66031592738664," % bound in species ",16113302,"=SO-"
14.5830890718946," % bound in species ",16113301,"=SOH2+"
""
"H2O"
98.9929138104194," % bound in species ",3300020,"OH-"
1.00708618899717," % bound in species ",5003300,"NaOH (aq)"
""
"CO3-2"
0.0475290924661624," % bound in species ",140,"CO3-2"
0.330191554601109," % bound in species ",5001401,"NaHCO3 (aq)"
81.5273106845551," % bound in species ",3301400,"HCO3-"
18.0891389144036," % bound in species ",3301401,"H2CO3* (aq)"
""
"H+1"
0.103574325083021," % bound in species ",330,"H+1"
0.20060942816847," % bound in species ",5001401,"NaHCO3 (aq)"
49.5323001107639," % bound in species ",3301400,"HCO3-"
21.9802824337067," % bound in species ",3301401,"H2CO3* (aq)"
83.7487199143215," % bound in species ",16113301,"=SOH2+"
""
"-------------------------------------------"
"Part 5 of output file"
"Equilibrated mass distribution"
"idx","Name","Dissolved","","Sorbed","","Precipitated"
"","","Mol/kg","Percent","Mol/kg","Percent","Mol/kg","Percent"
500,"Na+1",0.00999997918816408,100,0,0,0,0
610,"Ra+2",2.78792678671357E-12,35.34542,5.09973367679978E-12,64.65458,0,0
180,"Cl-1",0.00999997918764446,100,0,0,0,0
1611,"=SOH(1)",0,0,0.00067415873078826,100,0,0
2,"H2O",1.02833403937423E-07,100,0,0,0,0
140,"CO3-2",7.13212412777152E-05,100,0,0,0,0
330,"H+1",8.4203336668115E-05,71.72916,3.31873151500673E-05,28.27083,0,0
"--------------------------------------------"
"Part 5b of output file"
"Mass of components bound to DOM, SOM, Clay and Oxide (Equilibrated)"
"idx","Name","Bound to DOM","Bound to SOM","Bound to Clay","Bound to Oxide"
"","","Mol/kg","Mol/kg","Mol/kg","Mol/kg"
500,"Na+1",0,0,0,0
610,"Ra+2",0,0,0,5.09973367679978E-12
180,"Cl-1",0,0,0,0
140,"CO3-2",0,0,0,0
330,"H+1",0,0,0,3.31873151500673E-05
"--------------------------------------------"
"Charge balance: SPECIATED"
"Sum of cations= ",0.00995952279335888,"Sum of anions= ",0.0100179619331507
"Percent difference= ",0.292525012992715
"Equilibrium ionic strength(m)= ",0.0099887947489532
"Equilibrium pH= ",6.96
"----------------------------------"
"---------------------------------------"
"Parameters for surface number ",1
"Diffuse-layer adsorption model"
"Electrostatic variables: psi0= ",0.0618528599276598,"sig0= ",0.0177892849866206,"psib= ",0,"sigb= ",0,"psid= ",0,"sigd= ",0,"sigddl= ",-0.0177892849866206
"Adsorbent concentration (g / l): ",0.3
"Specific surface area (m2 / g): ",600
""
"-------------------------------------"
"Part 6 of output file"
"Saturation indices and stoichiometry of all minerals"
"ID","Name","log IAP","Sat. Index","No. of components in mineral","Stoichiometry on line below"
3050000,"Natron",-11.7441457465971,-10.433145888353,3
2,500,1,140,10,2,0,0,0,0,0,0,0,0,0,0
4150000,"Halite",-4.09329430125256,-5.64329430921431,2
1,500,1,180,0,0,0,0,0,0,0,0,0,0,0,0
5050001,"Thermonatrite",-11.7428165722221,-12.3798165496712,3
2,500,1,140,1,2,0,0,0,0,0,0,0,0,0,0
""
"END OF THIS PROBLEM"
"----------------------------"
"This is the beginning of Sweep no. 4 in the series of 6"
"The total concentration of the component Ra+2 is ",4.46101E-12
"The log activity guesses for all components are as computed at"
"the point of FIRST convergence in the previous problem"
"RESULTS:"
"Parameters of the component most out of balance:"
"Iter.","Name","Total mol","Diff fxn","Log activity","Residual"
0,"Cl-1",0.01,-0.000977879082834903,-2.04664190287475,0.000976879082860165
1,"Cl-1",0.01,0.00108324870213697,-2.00214004554557,0.00108214532849529
2,"Cl-1",0.01,1.01615112330089E-06,-2.04659795155332,1.61511485630149E-08
"ID","Name","Anal mol","Calc mol","Log Activity","Gamma","New logK"
1601,"PSIo(1)",3.31865579915336E-05,0.0900386700731158,-1.04557092842244,1,0
500,"Na+1",0.01,0.00995940120122397,-2.04665239838429,0.9018086,0
610,"Ra+2",4.46101E-12,4.43688260995966E-12,-11.5324645659286,0.6613898,0
180,"Cl-1",0.01,0.00995964189086958,-2.04664190288162,0.9018086,0
1611,"=SOH(1)",0.00067415873,0.000510719671282427,-3.29181741419286,1,0
2,"H2O",0,-7.14240746826745E-05,-0.000147686041660726,1,0
140,"CO3-2",1E-16,3.38983387169387E-08,-7.64936408942485,0.6613898,0
330,"H+1",6.45814E-12,1.2158657533307E-07,-6.96,0.9018086,0
"-----------------------------------------------"
""
"Type I - Components of species in solution"
"ID","Name","Calc mol","Activity","Log activity","Gamma","New logk"
330,"H+1",1.2158657533307E-07,1.09647819614319E-07,-6.96,0.9018086,0.0448856260829027
500,"Na+1",0.00995940120122397,0.00898147368150615,-2.04665239838429,0.9018086,0.0448856260829027
610,"Ra+2",4.43688260995966E-12,2.93450892066779E-12,-11.5324645659286,0.6613898,0.179542504331611
180,"Cl-1",0.00995964189086958,0.00898169073749916,-2.04664190288162,0.9018086,0.0448856260829027
1611,"=SOH(1)",0.000510719671282427,0.000510719671282427,-3.29181741419286,1,0
140,"CO3-2",3.38983387169387E-08,2.24200156067639E-08,-7.64936408942485,0.6613898,0.179542504331611
""
"Type II - Other species in solution or adsorbed"
"ID","Name","Calc mol","Activity","Log activity","Gamma","New logk"
16113302,"=SO-(1)",6.51258664389914E-05,6.51258664389914E-05,-4.18624648577043,1,-8.9
5001400,"NaCO3-",4.15785246895928E-09,3.74958712547435E-09,-8.42601655067225,0.9018086,1.31488556321979
5001401,"NaHCO3 (aq)",2.35496715332E-07,2.36038982321582E-07,-6.62701626648294,1.002303,10.028001341851
6101801,"RaCl2 (aq)",1.87608602506078E-16,1.88040599835456E-16,-15.7257483721146,1.002303,-0.10099887989804
6101800,"RaCl+",2.32155598419983E-14,2.09359915831801E-14,-13.679106464966,0.9018086,-0.0551143700728405
6100021,"Ra(OH)2 (aq)",2.07129391404866E-26,2.07606338318426E-26,-25.6827593914079,1.002303,-28.0709983328712
6100020,"Ra(OH)+",9.60005526135458E-19,8.65741242156853E-19,-18.0626118930816,0.9018086,-13.4451140150285
3306100,"RaHCO3+",6.65360549313086E-16,6.00027867301255E-16,-15.2218285790595,0.9018086,10.9648857023768
1406100,"RaCO3 (aq)",2.07573770812627E-17,2.08051740977332E-17,-16.6818286456788,1.002303,2.49900113019937
3300020,"OH-",1.01797782929624E-07,9.18021163868499E-08,-7.03714730654891,0.9018086,-13.9521139944244
5003300,"NaOH (aq)",1.03562100871321E-09,1.03800568353108E-09,-8.9838002685305,1.002303,-13.8979990635798
5001800,"NaCl (aq)",4.03372967511137E-05,4.04301795093562E-05,-4.39329433040143,1.002303,-0.300998908610754
3301400,"HCO3-",5.81462899614383E-05,5.24368245052425E-05,-4.28036361640239,0.9018086,10.3738860991054
3301401,"H2CO3* (aq)",1.29013984101929E-05,1.29311058414301E-05,-4.88836433356548,1.002303,16.6800008763841
16116100,"((=SOH2)2(=SOH)2Ra)4+(1)",8.16010177222549E-12,8.16010177222549E-12,-11.0883044247216,1,31.7137135116682
16113301,"=SOH2+(1)",9.83131604264328E-05,9.83131604264328E-05,-4.0073883426153,1,7.29
""
"Type III - Species with fixed activity"
"ID","Name","Calc mol","Log mol","New logK","dH"
2,"H2O",-7.14240746826745E-05,-4.1461553773059,0.000147686041660726,0
3301403,"CO2 (g)",-7.13212412787352E-05,-4.14678110694629,21.5692164033832,-10
330,"H+1",2.52518420387502E-05,-4.59770693603697,6.96,0
"Partial pressures of gases:",1
"CO2 (g)",0.00038
""
"Type VI - Excluded species (not present in mole balance)"
"ID","Name","Calc mol","Log mol","New logK","dH"
1601,"PSIo(1)",0.0900386700731158,-1.04557092842244,0,0
"-------------------------------------------"
"--------------------------------------------------"
"Part 4 of output file"
"Percentage distribution of components among type I and type II species"
"PSIo(1)"
296.237059190949," % bound in species ",16113301,"=SOH2+"
""
"Na+1"
99.5942192860966," % bound in species ",500,"Na+1"
0.403373807006093," % bound in species ",5001800,"NaCl (aq)"
""
"Ra+2"
35.1545549054829," % bound in species ",610,"Ra+2"
0.183942814104445," % bound in species ",6101800,"RaCl+"
64.6545719154462," % bound in species ",16116100,"((=SOH2)2(=SOH)2Ra)4+"
""
"Cl-1"
99.596626192737," % bound in species ",180,"Cl-1"
0.403373807027053," % bound in species ",5001800,"NaCl (aq)"
""
"=SOH(1)"
75.756590838076," % bound in species ",1611,"=SOH(1)"
9.66031640098219," % bound in species ",16113302,"=SO-"
14.5830879192917," % bound in species ",16113301,"=SOH2+"
""
"H2O"
98.9929138101034," % bound in species ",3300020,"OH-"
1.00708618896301," % bound in species ",5003300,"NaOH (aq)"
""
"CO3-2"
0.0475290924682744," % bound in species ",140,"CO3-2"
0.330191554590742," % bound in species ",5001401,"NaHCO3 (aq)"
81.5273106845006," % bound in species ",3301400,"HCO3-"
18.0891389141056," % bound in species ",3301401,"H2CO3* (aq)"
""
"H+1"
0.1035743293561," % bound in species ",330,"H+1"
0.20060943643868," % bound in species ",5001401,"NaHCO3 (aq)"
49.5323021542763," % bound in species ",3301400,"HCO3-"
21.9802833401813," % bound in species ",3301401,"H2CO3* (aq)"
83.748716748969," % bound in species ",16113301,"=SOH2+"
""
"-------------------------------------------"
"Part 5 of output file"
"Equilibrated mass distribution"
"idx","Name","Dissolved","","Sorbed","","Precipitated"
"","","Mol/kg","Percent","Mol/kg","Percent","Mol/kg","Percent"
500,"Na+1",0.0099999791881639,100,0,0,0,0
610,"Ra+2",4.46097285633611E-12,35.34543,8.16010177222549E-12,64.65457,0,0
180,"Cl-1",0.00999997918764428,100,0,0,0,0
1611,"=SOH(1)",0,0,0.000674158730788258,100,0,0
2,"H2O",1.02833403939297E-07,100,0,0,0,0
140,"CO3-2",7.13212412788352E-05,100,0,0,0,0
330,"H+1",8.42033366692153E-05,71.72917,3.31873103076449E-05,28.27083,0,0
"--------------------------------------------"
"Part 5b of output file"
"Mass of components bound to DOM, SOM, Clay and Oxide (Equilibrated)"
"idx","Name","Bound to DOM","Bound to SOM","Bound to Clay","Bound to Oxide"
"","","Mol/kg","Mol/kg","Mol/kg","Mol/kg"
500,"Na+1",0,0,0,0
610,"Ra+2",0,0,0,8.16010177222549E-12
180,"Cl-1",0,0,0,0
140,"CO3-2",0,0,0,0
330,"H+1",0,0,0,3.31873103076449E-05
"--------------------------------------------"
"Charge balance: SPECIATED"
"Sum of cations= ",0.00995952279669696,"Sum of anions= ",0.0100179619331439
"Percent difference= ",0.292524996200368
"Equilibrium ionic strength(m)= ",0.00998879475228618
"Equilibrium pH= ",6.96
"----------------------------------"
"---------------------------------------"
"Parameters for surface number ",1
"Diffuse-layer adsorption model"
"Electrostatic variables: psi0= ",0.061852861572714,"sig0= ",0.0177892856718284,"psib= ",0,"sigb= ",0,"psid= ",0,"sigd= ",0,"sigddl= ",-0.0177892856718284
"Adsorbent concentration (g / l): ",0.3
"Specific surface area (m2 / g): ",600
""
"-------------------------------------"
"Part 6 of output file"
"Saturation indices and stoichiometry of all minerals"
"ID","Name","log IAP","Sat. Index","No. of components in mineral","Stoichiometry on line below"
3050000,"Natron",-11.74414574661,-10.433145888366,3
2,500,1,140,10,2,0,0,0,0,0,0,0,0,0,0
4150000,"Halite",-4.0932943012659,-5.64329430922766,2
1,500,1,180,0,0,0,0,0,0,0,0,0,0,0,0
5050001,"Thermonatrite",-11.7428165722351,-12.3798165496842,3
2,500,1,140,1,2,0,0,0,0,0,0,0,0,0,0
""
"END OF THIS PROBLEM"
"----------------------------"
"This is the beginning of Sweep no. 5 in the series of 6"
"The total concentration of the component Ra+2 is ",5.45794E-11
"The log activity guesses for all components are as computed at"
"the point of FIRST convergence in the previous problem"
"RESULTS:"
"Parameters of the component most out of balance:"
"Iter.","Name","Total mol","Diff fxn","Log activity","Residual"
0,"Cl-1",0.01,-0.000977879082970175,-2.04664190288162,0.000976879082995437
1,"Cl-1",0.01,0.00108324870713433,-2.0021400455613,0.00108214533349219
2,"Cl-1",0.01,1.0161511591264E-06,-2.04659795175749,1.61511843885242E-08
"ID","Name","Anal mol","Calc mol","Log Activity","Gamma","New logK"
1601,"PSIo(1)",3.31865962835032E-05,0.0900384973701416,-1.04557176144252,1,0
500,"Na+1",0.01,0.00995940120125699,-2.04665239857844,0.9018086,0
610,"Ra+2",5.45794E-11,5.42842071019656E-11,-10.4448690063923,0.6613898,0
180,"Cl-1",0.01,0.00995964189063744,-2.04664190308734,0.9018086,0
1611,"=SOH(1)",0.00067415873,0.00051071944170411,-3.29181760941663,1,0
2,"H2O",0,-7.14240747162808E-05,-0.000147686041660726,1,0
140,"CO3-2",1E-16,3.38983387780075E-08,-7.64936408942485,0.6613898,0
330,"H+1",6.45814E-12,1.2158657538783E-07,-6.96,0.9018086,0
"-----------------------------------------------"
""
"Type I - Components of species in solution"
"ID","Name","Calc mol","Activity","Log activity","Gamma","New logk"
330,"H+1",1.2158657538783E-07,1.09647819614319E-07,-6.96,0.9018086,0.0448856262785009
500,"Na+1",0.00995940120125699,0.00898147367749083,-2.04665239857844,0.9018086,0.0448856262785012
610,"Ra+2",5.42842071019656E-11,3.5903021041741E-11,-10.4448690063923,0.6613898,0.179542505114005
180,"Cl-1",0.00995964189063744,0.00898169073324461,-2.04664190308734,0.9018086,0.0448856262785012
1611,"=SOH(1)",0.00051071944170411,0.00051071944170411,-3.29181760941663,1,0
140,"CO3-2",3.38983387780075E-08,2.24200156067639E-08,-7.64936408942485,0.6613898,0.179542505114004
""
"Type II - Other species in solution or adsorbed"
"ID","Name","Calc mol","Activity","Log activity","Gamma","New logk"
16113302,"=SO-(1)",6.51259620816258E-05,6.51259620816258E-05,-4.18624584797411,1,-8.9
5001400,"NaCO3-",4.15785246897305E-09,3.74958712379801E-09,-8.42601655086641,0.9018086,1.31488556341538
5001401,"NaHCO3 (aq)",2.35496715221304E-07,2.36038982216057E-07,-6.6270162666771,1.002303,10.028001341841
6101801,"RaCl2 (aq)",2.29534677826722E-15,2.30063216323829E-15,-14.6381528129897,1.002303,-0.100998879908024
6101800,"RaCl+",2.84036871591434E-13,2.56146894184093E-13,-12.5915109056353,0.9018086,-0.055114369877242
6100021,"Ra(OH)2 (aq)",2.53417900536101E-25,2.5400143378501E-25,-24.5951638318716,1.002303,-28.0709983328812
6100020,"Ra(OH)+",1.17454400556768E-17,1.05921388805276E-17,-16.9750163335453,0.9018086,-13.4451140148329
3306100,"RaHCO3+",8.14052860594299E-15,7.34119872446851E-15,-14.1342330195232,0.9018086,10.9648857025724
1406100,"RaCO3 (aq)",2.53961588207816E-16,2.54546373380258E-16,-15.5942330861425,1.002303,2.49900113018939
3300020,"OH-",1.01797782975472E-07,9.18021163868499E-08,-7.03714730654891,0.9018086,-13.9521139942288
5003300,"NaOH (aq)",1.03562100822641E-09,1.03800568306702E-09,-8.98380026872466,1.002303,-13.8979990635898
5001800,"NaCl (aq)",4.03372967130454E-05,4.04301794721297E-05,-4.39329433080131,1.002303,-0.300998908620738
3301400,"HCO3-",5.81462899876263E-05,5.24368245052425E-05,-4.28036361640239,0.9018086,10.373886099301
3301401,"H2CO3* (aq)",1.29013984098964E-05,1.29311058414301E-05,-4.88836433356548,1.002303,16.6800008763742
16116100,"((=SOH2)2(=SOH)2Ra)4+(1)",9.98359653956263E-11,9.98359653956263E-11,-10.0007129781607,1,31.7137135116682
16113301,"=SOH2+(1)",9.8312927658605E-05,9.8312927658605E-05,-4.00738937085915,1,7.29
""
"Type III - Species with fixed activity"
"ID","Name","Calc mol","Log mol","New logK","dH"
2,"H2O",-7.14240747162808E-05,-4.14615537710156,0.000147686041660726,0
3301403,"CO2 (g)",-7.13212413122854E-05,-4.14678110674199,21.5692164033832,-10
330,"H+1",2.52519871316276E-05,-4.5977044406604,6.96,0
"Partial pressures of gases:",1
"CO2 (g)",0.00038
""
"Type VI - Excluded species (not present in mole balance)"
"ID","Name","Calc mol","Log mol","New logK","dH"
1601,"PSIo(1)",0.0900384973701416,-1.04557176144252,0,0
"-------------------------------------------"
"--------------------------------------------------"
"Part 4 of output file"
"Percentage distribution of components among type I and type II species"
"PSIo(1)"
296.236016005197," % bound in species ",16113301,"=SOH2+"
""
"Na+1"
99.5942192864782," % bound in species ",500,"Na+1"
0.403373806625617," % bound in species ",5001800,"NaCl (aq)"
""
"Ra+2"
35.1547702015525," % bound in species ",610,"Ra+2"
0.183943940284672," % bound in species ",6101800,"RaCl+"
64.6543554507645," % bound in species ",16116100,"((=SOH2)2(=SOH)2Ra)4+"
""
"Cl-1"
99.5966261904671," % bound in species ",180,"Cl-1"
0.403373806646577," % bound in species ",5001800,"NaCl (aq)"
""
"=SOH(1)"
75.7565567840374," % bound in species ",1611,"=SOH(1)"
9.6603305879437," % bound in species ",16113302,"=SO-"
14.5830533921382," % bound in species ",16113301,"=SOH2+"
""
"H2O"
98.9929138006384," % bound in species ",3300020,"OH-"
1.00708618793976," % bound in species ",5003300,"NaOH (aq)"
""
"CO3-2"
0.0475290925315412," % bound in species ",140,"CO3-2"
0.330191554280209," % bound in species ",5001401,"NaHCO3 (aq)"
81.5273106828678," % bound in species ",3301400,"HCO3-"
18.0891389051805," % bound in species ",3301401,"H2CO3* (aq)"
""
"H+1"
0.103574457359843," % bound in species ",330,"H+1"
0.200609684179931," % bound in species ",5001401,"NaHCO3 (aq)"
49.5323633694453," % bound in species ",3301400,"HCO3-"
21.9803104944085," % bound in species ",3301401,"H2CO3* (aq)"
83.7486219281796," % bound in species ",16113301,"=SOH2+"
""
"-------------------------------------------"
"Part 5 of output file"
"Equilibrated mass distribution"
"idx","Name","Dissolved","","Sorbed","","Precipitated"
"","","Mol/kg","Percent","Mol/kg","Percent","Mol/kg","Percent"
500,"Na+1",0.00999997918815874,100,0,0,0,0
610,"Ra+2",5.45789455559698E-11,35.34565,9.98359653956263E-11,64.65436,0,0
180,"Cl-1",0.00999997918763912,100,0,0,0,0
1611,"=SOH(1)",0,0,0.000674158730788203,100,0,0
2,"H2O",1.02833403995444E-07,100,0,0,0,0
140,"CO3-2",7.13212413123854E-05,100,0,0,0,0
330,"H+1",8.42033367021732E-05,71.72926,3.318716524891E-05,28.27074,0,0
"--------------------------------------------"
"Part 5b of output file"
"Mass of components bound to DOM, SOM, Clay and Oxide (Equilibrated)"
"idx","Name","Bound to DOM","Bound to SOM","Bound to Clay","Bound to Oxide"
"","","Mol/kg","Mol/kg","Mol/kg","Mol/kg"
500,"Na+1",0,0,0,0
610,"Ra+2",0,0,0,9.98359653956263E-11
180,"Cl-1",0,0,0,0
140,"CO3-2",0,0,0,0
330,"H+1",0,0,0,3.318716524891E-05
"--------------------------------------------"
"Charge balance: SPECIATED"
"Sum of cations= ",0.00995952289669298,"Sum of anions= ",0.0100179619329381
"Percent difference= ",0.292524493165463
"Equilibrium ionic strength(m)= ",0.0099887948521292
"Equilibrium pH= ",6.96
"----------------------------------"
"---------------------------------------"
"Parameters for surface number ",1
"Diffuse-layer adsorption model"
"Electrostatic variables: psi0= ",0.0618529108517009,"sig0= ",0.0177893061978132,"psib= ",0,"sigb= ",0,"psid= ",0,"sigd= ",0,"sigddl= ",-0.0177893061978132
"Adsorbent concentration (g / l): ",0.3
"Specific surface area (m2 / g): ",600
""
"-------------------------------------"
"Part 6 of output file"
"Saturation indices and stoichiometry of all minerals"
"ID","Name","log IAP","Sat. Index","No. of components in mineral","Stoichiometry on line below"
3050000,"Natron",-11.7441457469983,-10.4331458887543,3
2,500,1,140,10,2,0,0,0,0,0,0,0,0,0,0
4150000,"Halite",-4.09329430166578,-5.64329430962753,2
1,500,1,180,0,0,0,0,0,0,0,0,0,0,0,0
5050001,"Thermonatrite",-11.7428165726234,-12.3798165500725,3
2,500,1,140,1,2,0,0,0,0,0,0,0,0,0,0
""
"END OF THIS PROBLEM"
"----------------------------"
"This is the beginning of Sweep no. 6 in the series of 6"
"The total concentration of the component Ra+2 is ",3.24784E-10
"The log activity guesses for all components are as computed at"
"the point of FIRST convergence in the previous problem"
"RESULTS:"
"Parameters of the component most out of balance:"
"Iter.","Name","Total mol","Diff fxn","Log activity","Residual"
0,"Cl-1",0.01,-0.00097787908702251,-2.04664190308734,0.000976879087047772
1,"Cl-1",0.01,0.00108324873405934,-2.0021400456469,0.00108214536041475
2,"Cl-1",0.01,1.01615134964067E-06,-2.04659795285838,1.61513749027952E-08
"ID","Name","Anal mol","Calc mol","Log Activity","Gamma","New logK"
1601,"PSIo(1)",3.31868027167353E-05,0.0900375663312228,-1.04557625226775,1,0
500,"Na+1",0.01,0.0099594012014349,-2.04665239962522,0.9018086,0
610,"Ra+2",3.24784E-10,3.23027404481199E-10,-9.67030314145892,0.6613898,0
180,"Cl-1",0.01,0.00995964188938586,-2.04664190419645,0.9018086,0
1611,"=SOH(1)",0.00067415873,0.000510718204039607,-3.29181866187611,1,0
2,"H2O",0,-7.14240748974636E-05,-0.000147686041660726,1,0
140,"CO3-2",1E-16,3.38983391072492E-08,-7.64936408942485,0.6613898,0
330,"H+1",6.45814E-12,1.21586575683062E-07,-6.96,0.9018086,0
"-----------------------------------------------"
""
"Type I - Components of species in solution"
"ID","Name","Calc mol","Activity","Log activity","Gamma","New logk"
330,"H+1",1.21586575683062E-07,1.09647819614319E-07,-6.96,0.9018086,0.044885627333036
500,"Na+1",0.0099594012014349,0.00898147365584287,-2.04665239962522,0.9018086,0.0448856273330357
610,"Ra+2",3.23027404481199E-10,2.13647029341686E-10,-9.67030314145892,0.6613898,0.179542509332143
180,"Cl-1",0.00995964188938586,0.00898169071030699,-2.04664190419645,0.9018086,0.0448856273330357
1611,"=SOH(1)",0.000510718204039607,0.000510718204039607,-3.29181866187611,1,0
140,"CO3-2",3.38983391072492E-08,2.24200156067639E-08,-7.64936408942485,0.6613898,0.179542509332142
""
"Type II - Other species in solution or adsorbed"
"ID","Name","Calc mol","Activity","Log activity","Gamma","New logk"
16113302,"=SO-(1)",6.51264776943571E-05,6.51264776943571E-05,-4.18624240960836,1,-8.9
5001400,"NaCO3-",4.15785246904734E-09,3.74958711476042E-09,-8.42601655191319,0.9018086,1.31488556446992
5001401,"NaHCO3 (aq)",2.35496714624499E-07,2.36038981647134E-07,-6.62701626772387,1.002303,10.0280013417872
6101801,"RaCl2 (aq)",1.36588510852646E-14,1.36903026684531E-14,-13.8635869502746,1.002303,-0.100998879961853
6101800,"RaCl+",1.69020968349262E-12,1.52424562863803E-12,-11.8169450418111,0.9018086,-0.0551143688227075
6100021,"Ra(OH)2 (aq)",1.50800629177942E-24,1.5114787057503E-24,-23.8205979669382,1.002303,-28.070998332935
6100020,"Ra(OH)+",6.98932376576874E-17,6.30303228123437E-17,-16.200450468612,0.9018086,-13.4451140137783
3306100,"RaHCO3+",4.84415992774475E-14,4.36850508336392E-14,-13.3596671545898,0.9018086,10.964885703627
1406100,"RaCO3 (aq)",1.51124159768312E-15,1.51472146143818E-15,-14.8196672212092,1.002303,2.49900113013556
3300020,"OH-",1.01797783222653E-07,9.18021163868499E-08,-7.03714730654891,0.9018086,-13.9521139931742
5003300,"NaOH (aq)",1.0356210056019E-09,1.03800568056512E-09,-8.98380026977144,1.002303,-13.8979990636436
5001800,"NaCl (aq)",4.0337296507807E-05,4.04301792714299E-05,-4.3932943329572,1.002303,-0.300998908674566
3301400,"HCO3-",5.81462901288146E-05,5.24368245052425E-05,-4.28036361640239,0.9018086,10.3738861003555
3301401,"H2CO3* (aq)",1.29013984082973E-05,1.29311058414301E-05,-4.88836433356548,1.002303,16.6800008763203
16116100,"((=SOH2)2(=SOH)2Ra)4+(1)",5.94060550895791E-10,5.94060550895791E-10,-9.22616928636614,1,31.7137135116682
16113301,"=SOH2+(1)",9.8311672811738E-05,9.8311672811738E-05,-4.00739491414385,1,7.29
""
"Type III - Species with fixed activity"
"ID","Name","Calc mol","Log mol","New logK","dH"
2,"H2O",-7.14240748974636E-05,-4.14615537599987,0.000147686041660726,0
3301403,"CO2 (g)",-7.13212414931655E-05,-4.14678110564056,21.5692164033832,-10
330,"H+1",2.52527693261281E-05,-4.59769098835297,6.96,0
"Partial pressures of gases:",1
"CO2 (g)",0.00038
""
"Type VI - Excluded species (not present in mole balance)"
"ID","Name","Calc mol","Log mol","New logK","dH"
1601,"PSIo(1)",0.0900375663312228,-1.04557625226775,0,0
"-------------------------------------------"
"--------------------------------------------------"
"Part 4 of output file"
"Percentage distribution of components among type I and type II species"
"PSIo(1)"
296.230392234911," % bound in species ",16113301,"=SOH2+"
""
"Na+1"
99.5942192885354," % bound in species ",500,"Na+1"
0.403373804574356," % bound in species ",5001800,"NaCl (aq)"
""
"Ra+2"
35.1559308775977," % bound in species ",610,"Ra+2"
0.183950011600244," % bound in species ",6101800,"RaCl+"
64.6531884746504," % bound in species ",16116100,"((=SOH2)2(=SOH)2Ra)4+"
""
"Cl-1"
99.5966261782294," % bound in species ",180,"Cl-1"
0.403373804595316," % bound in species ",5001800,"NaCl (aq)"
""
"=SOH(1)"
75.7563731975581," % bound in species ",1611,"=SOH(1)"
9.66040707034117," % bound in species ",16113302,"=SO-"
14.5828672569202," % bound in species ",16113301,"=SOH2+"
""
"H2O"
98.9929137496095," % bound in species ",3300020,"OH-"
1.00708618242307," % bound in species ",5003300,"NaOH (aq)"
""
"CO3-2"
0.0475290928726333," % bound in species ",140,"CO3-2"
0.330191552606015," % bound in species ",5001401,"NaHCO3 (aq)"
81.5273106740648," % bound in species ",3301400,"HCO3-"
18.089138857062," % bound in species ",3301401,"H2CO3* (aq)"
""
"H+1"
0.103575147432405," % bound in species ",330,"H+1"
0.200611019761432," % bound in species ",5001401,"NaHCO3 (aq)"
49.5326933825178," % bound in species ",3301400,"HCO3-"
21.9804568837734," % bound in species ",3301401,"H2CO3* (aq)"
83.7481107482224," % bound in species ",16113301,"=SOH2+"
""
"-------------------------------------------"
"Part 5 of output file"
"Equilibrated mass distribution"
"idx","Name","Dissolved","","Sorbed","","Precipitated"
"","","Mol/kg","Percent","Mol/kg","Percent","Mol/kg","Percent"
500,"Na+1",0.00999997918813081,100,0,0,0,0
610,"Ra+2",3.24781295749891E-10,35.34681,5.94060550895791E-10,64.65319,0,0
180,"Cl-1",0.00999997918761119,100,0,0,0,0
1611,"=SOH(1)",0,0,0.000674158730787906,100,0,0
2,"H2O",1.02833404298148E-07,100,0,0,0,0
140,"CO3-2",7.13212414932655E-05,100,0,0,0,0
330,"H+1",8.42033368798602E-05,71.72974,3.31863832384827E-05,28.27026,0,0
"--------------------------------------------"
"Part 5b of output file"
"Mass of components bound to DOM, SOM, Clay and Oxide (Equilibrated)"
"idx","Name","Bound to DOM","Bound to SOM","Bound to Clay","Bound to Oxide"
"","","Mol/kg","Mol/kg","Mol/kg","Mol/kg"
500,"Na+1",0,0,0,0
610,"Ra+2",0,0,0,5.94060550895791E-10
180,"Cl-1",0,0,0,0
140,"CO3-2",0,0,0,0
330,"H+1",0,0,0,3.31863832384827E-05
"--------------------------------------------"
"Charge balance: SPECIATED"
"Sum of cations= ",0.00995952343580412,"Sum of anions= ",0.0100179619318286
"Percent difference= ",0.292521781140383
"Equilibrium ionic strength(m)= ",0.00998879539041522
"Equilibrium pH= ",6.96
"----------------------------------"
"---------------------------------------"
"Parameters for surface number ",1
"Diffuse-layer adsorption model"
"Electrostatic variables: psi0= ",0.061853176515544,"sig0= ",0.0177894168540536,"psib= ",0,"sigb= ",0,"psid= ",0,"sigd= ",0,"sigddl= ",-0.0177894168540536
"Adsorbent concentration (g / l): ",0.3
"Specific surface area (m2 / g): ",600
""
"-------------------------------------"
"Part 6 of output file"
"Saturation indices and stoichiometry of all minerals"
"ID","Name","log IAP","Sat. Index","No. of components in mineral","Stoichiometry on line below"
3050000,"Natron",-11.7441457490919,-10.4331458908478,3
2,500,1,140,10,2,0,0,0,0,0,0,0,0,0,0
4150000,"Halite",-4.09329430382167,-5.64329431178342,2
1,500,1,180,0,0,0,0,0,0,0,0,0,0,0,0
5050001,"Thermonatrite",-11.742816574717,-12.379816552166,3
2,500,1,140,1,2,0,0,0,0,0,0,0,0,0,0
""
"END OF THIS PROBLEM"
"----------------------------"
